0 info it worked if it ends with ok
1 verbose cli [ 'node', '/usr/local/bin/npm', 'uninstall', '-g', 'ember-cli' ]
2 info using npm@1.4.28
3 info using node@v0.10.35
4 verbose lib/node_modules/ember-cli unbuild
5 info preuninstall ember-cli@0.1.9
6 info uninstall ember-cli@0.1.9
7 verbose true,/Users/cxp/.node/lib/node_modules,/Users/cxp/.node/lib/node_modules unbuild ember-cli@0.1.9
8 verbose /Users/cxp/.node/bin,[object Object] binRoot
9 info postuninstall ember-cli@0.1.9
10 error Error: EACCES, unlink '/Users/cxp/.node/lib/node_modules/ember-cli/.editorconfig'
10 error  { [Error: EACCES, unlink '/Users/cxp/.node/lib/node_modules/ember-cli/.editorconfig']
10 error   errno: 3,
10 error   code: 'EACCES',
10 error   path: '/Users/cxp/.node/lib/node_modules/ember-cli/.editorconfig' }
11 error Please try running this command again as root/Administrator.
12 error System Darwin 14.0.0
13 error command "node" "/usr/local/bin/npm" "uninstall" "-g" "ember-cli"
14 error cwd /Users/cxp/current_projects/ruby/ember_api_guys
15 error node -v v0.10.35
16 error npm -v 1.4.28
17 error path /Users/cxp/.node/lib/node_modules/ember-cli/.editorconfig
18 error code EACCES
19 error errno 3
20 error stack Error: EACCES, unlink '/Users/cxp/.node/lib/node_modules/ember-cli/.editorconfig'
21 verbose exit [ 3, true ]
